INFO  21-01-27 16:31:53[main] [DemoSpringLoggingApplication:55] - Starting DemoSpringLoggingApplication using Java 11.0.9.1 on Alexanders-MacBook-Pro.local with PID 30602 (/Users/alxndr/Documents/Workspace/study/demo-spring-logging/build/classes/java/main started by alxndr in /Users/alxndr/Documents/Workspace/study/demo-spring-logging)
INFO  21-01-27 16:31:53[main] [DemoSpringLoggingApplication:664] - The following profiles are active: local
INFO  21-01-27 16:31:54[main] [TomcatWebServer:108] - Tomcat initialized with port(s): 8080 (http)
INFO  21-01-27 16:31:54[main] [Http11NioProtocol:173] - Initializing ProtocolHandler ["http-nio-8080"]
INFO  21-01-27 16:31:54[main] [StandardService:173] - Starting service [Tomcat]
INFO  21-01-27 16:31:54[main] [StandardEngine:173] - Starting Servlet engine: [Apache Tomcat/9.0.41]
INFO  21-01-27 16:31:54[main] [[/]:173] - Initializing Spring embedded WebApplicationContext
INFO  21-01-27 16:31:54[main] [ServletWebServerApplicationContext:289] - Root WebApplicationContext: initialization completed in 566 ms
INFO  21-01-27 16:31:54[main] [ThreadPoolTaskExecutor:181] - Initializing ExecutorService 'applicationTaskExecutor'
INFO  21-01-27 16:31:54[main] [Http11NioProtocol:173] - Starting ProtocolHandler ["http-nio-8080"]
INFO  21-01-27 16:31:54[main] [TomcatWebServer:220] - Tomcat started on port(s): 8080 (http) with context path ''
INFO  21-01-27 16:31:54[main] [DemoSpringLoggingApplication:61] - Started DemoSpringLoggingApplication in 1.257 seconds (JVM running for 1.847)
INFO  21-01-27 16:32:03[http-nio-8080-exec-1] [[/]:173] - Initializing Spring DispatcherServlet 'dispatcherServlet'
INFO  21-01-27 16:32:03[http-nio-8080-exec-1] [DispatcherServlet:525] - Initializing Servlet 'dispatcherServlet'
INFO  21-01-27 16:32:03[http-nio-8080-exec-1] [DispatcherServlet:547] - Completed initialization in 1 ms
INFO  21-01-27 16:32:03[http-nio-8080-exec-1] [IndexController:20] - INFO LEVEL TEST
WARN  21-01-27 16:32:03[http-nio-8080-exec-1] [IndexController:21] - WARN LEVEL TEST
ERROR 21-01-27 16:32:03[http-nio-8080-exec-1] [IndexController:22] - ERROR LEVEL TEST
INFO  21-01-27 16:34:32[SpringContextShutdownHook] [ThreadPoolTaskExecutor:218] - Shutting down ExecutorService 'applicationTaskExecutor'
FILE_LOG_PATTERN_IS_UNDEFINEDFILE_LOG_PATTERN_IS_UNDEFINEDFILE_LOG_PATTERN_IS_UNDEFINEDFILE_LOG_PATTERN_IS_UNDEFINEDFILE_LOG_PATTERN_IS_UNDEFINEDFILE_LOG_PATTERN_IS_UNDEFINEDFILE_LOG_PATTERN_IS_UNDEFINEDFILE_LOG_PATTERN_IS_UNDEFINEDFILE_LOG_PATTERN_IS_UNDEFINEDFILE_LOG_PATTERN_IS_UNDEFINEDFILE_LOG_PATTERN_IS_UNDEFINEDFILE_LOG_PATTERN_IS_UNDEFINEDFILE_LOG_PATTERN_IS_UNDEFINEDCONSOLE_LOG_PATTERN_IS_UNDEFINEDCONSOLE_LOG_PATTERN_IS_UNDEFINEDCONSOLE_LOG_PATTERN_IS_UNDEFINEDCONSOLE_LOG_PATTERN_IS_UNDEFINEDCONSOLE_LOG_PATTERN_IS_UNDEFINEDCONSOLE_LOG_PATTERN_IS_UNDEFINEDCONSOLE_LOG_PATTERN_IS_UNDEFINEDCONSOLE_LOG_PATTERN_IS_UNDEFINEDCONSOLE_LOG_PATTERN_IS_UNDEFINEDCONSOLE_LOG_PATTERN_IS_UNDEFINEDCONSOLE_LOG_PATTERN_IS_UNDEFINEDCONSOLE_LOG_PATTERN_IS_UNDEFINEDCONSOLE_LOG_PATTERN_IS_UNDEFINED%PARSER_ERROR[clr] %PARSER_ERROR[clr] %PARSER_ERROR[clr] %PARSER_ERROR[clr] %PARSER_ERROR[clr] %PARSER_ERROR[clr] %PARSER_ERROR[clr] Application run failed
%PARSER_ERROR[wEx]java.lang.IllegalStateException: java.lang.IllegalStateException: Logback configuration error detected: 
ERROR in ch.qos.logback.core.pattern.parser.Compiler@388ba540 - There is no conversion class registered for composite conversion word [clr]
ERROR in ch.qos.logback.core.pattern.parser.Compiler@388ba540 - Failed to create converter for [%clr] keyword
ERROR in ch.qos.logback.core.pattern.parser.Compiler@388ba540 - There is no conversion class registered for composite conversion word [clr]
ERROR in ch.qos.logback.core.pattern.parser.Compiler@388ba540 - Failed to create converter for [%clr] keyword
ERROR in ch.qos.logback.core.pattern.parser.Compiler@388ba540 - There is no conversion class registered for composite conversion word [clr]
ERROR in ch.qos.logback.core.pattern.parser.Compiler@388ba540 - Failed to create converter for [%clr] keyword
ERROR in ch.qos.logback.core.pattern.parser.Compiler@388ba540 - There is no conversion class registered for composite conversion word [clr]
ERROR in ch.qos.logback.core.pattern.parser.Compiler@388ba540 - Failed to create converter for [%clr] keyword
ERROR in ch.qos.logback.core.pattern.parser.Compiler@388ba540 - There is no conversion class registered for composite conversion word [clr]
ERROR in ch.qos.logback.core.pattern.parser.Compiler@388ba540 - Failed to create converter for [%clr] keyword
ERROR in ch.qos.logback.core.pattern.parser.Compiler@388ba540 - There is no conversion class registered for composite conversion word [clr]
ERROR in ch.qos.logback.core.pattern.parser.Compiler@388ba540 - Failed to create converter for [%clr] keyword
ERROR in ch.qos.logback.core.pattern.parser.Compiler@388ba540 - There is no conversion class registered for composite conversion word [clr]
ERROR in ch.qos.logback.core.pattern.parser.Compiler@388ba540 - Failed to create converter for [%clr] keyword
ERROR in ch.qos.logback.core.pattern.parser.Compiler@388ba540 - There is no conversion class registered for conversion word [wEx]
ERROR in ch.qos.logback.core.pattern.parser.Compiler@388ba540 - [wEx] is not a valid conversion word
ERROR in ch.qos.logback.core.pattern.parser.Compiler@47605f2f - There is no conversion class registered for composite conversion word [clr]
ERROR in ch.qos.logback.core.pattern.parser.Compiler@47605f2f - Failed to create converter for [%clr] keyword
ERROR in ch.qos.logback.core.pattern.parser.Compiler@47605f2f - There is no conversion class registered for composite conversion word [clr]
ERROR in ch.qos.logback.core.pattern.parser.Compiler@47605f2f - Failed to create converter for [%clr] keyword
ERROR in ch.qos.logback.core.pattern.parser.Compiler@47605f2f - There is no conversion class registered for composite conversion word [clr]
ERROR in ch.qos.logback.core.pattern.parser.Compiler@47605f2f - Failed to create converter for [%clr] keyword
ERROR in ch.qos.logback.core.pattern.parser.Compiler@47605f2f - There is no conversion class registered for composite conversion word [clr]
ERROR in ch.qos.logback.core.pattern.parser.Compiler@47605f2f - Failed to create converter for [%clr] keyword
ERROR in ch.qos.logback.core.pattern.parser.Compiler@47605f2f - There is no conversion class registered for composite conversion word [clr]
ERROR in ch.qos.logback.core.pattern.parser.Compiler@47605f2f - Failed to create converter for [%clr] keyword
ERROR in ch.qos.logback.core.pattern.parser.Compiler@47605f2f - There is no conversion class registered for composite conversion word [clr]
ERROR in ch.qos.logback.core.pattern.parser.Compiler@47605f2f - Failed to create converter for [%clr] keyword
ERROR in ch.qos.logback.core.pattern.parser.Compiler@47605f2f - There is no conversion class registered for composite conversion word [clr]
ERROR in ch.qos.logback.core.pattern.parser.Compiler@47605f2f - Failed to create converter for [%clr] keyword
ERROR in ch.qos.logback.core.pattern.parser.Compiler@47605f2f - There is no conversion class registered for conversion word [wEx]
ERROR in ch.qos.logback.core.pattern.parser.Compiler@47605f2f - [wEx] is not a valid conversion word
	at org.springframework.boot.context.logging.LoggingApplicationListener.initializeSystem(LoggingApplicationListener.java:327)
	at org.springframework.boot.context.logging.LoggingApplicationListener.initialize(LoggingApplicationListener.java:281)
	at org.springframework.boot.context.logging.LoggingApplicationListener.onApplicationEnvironmentPreparedEvent(LoggingApplicationListener.java:239)
	at org.springframework.boot.context.logging.LoggingApplicationListener.onApplicationEvent(LoggingApplicationListener.java:216)
	at org.springframework.context.event.SimpleApplicationEventMulticaster.doInvokeListener(SimpleApplicationEventMulticaster.java:176)
	at org.springframework.context.event.SimpleApplicationEventMulticaster.invokeListener(SimpleApplicationEventMulticaster.java:169)
	at org.springframework.context.event.SimpleApplicationEventMulticaster.multicastEvent(SimpleApplicationEventMulticaster.java:143)
	at org.springframework.context.event.SimpleApplicationEventMulticaster.multicastEvent(SimpleApplicationEventMulticaster.java:131)
	at org.springframework.boot.context.event.EventPublishingRunListener.environmentPrepared(EventPublishingRunListener.java:82)
	at org.springframework.boot.SpringApplicationRunListeners.lambda$environmentPrepared$2(SpringApplicationRunListeners.java:63)
	at java.base/java.util.ArrayList.forEach(ArrayList.java:1541)
	at org.springframework.boot.SpringApplicationRunListeners.doWithListeners(SpringApplicationRunListeners.java:117)
	at org.springframework.boot.SpringApplicationRunListeners.doWithListeners(SpringApplicationRunListeners.java:111)
	at org.springframework.boot.SpringApplicationRunListeners.environmentPrepared(SpringApplicationRunListeners.java:62)
	at org.springframework.boot.SpringApplication.prepareEnvironment(SpringApplication.java:362)
	at org.springframework.boot.SpringApplication.run(SpringApplication.java:320)
	at org.springframework.boot.SpringApplication.run(SpringApplication.java:1311)
	at org.springframework.boot.SpringApplication.run(SpringApplication.java:1300)
	at io.alxndr.demospringlogging.DemoSpringLoggingApplication.main(DemoSpringLoggingApplication.java:10)
Caused by: java.lang.IllegalStateException: Logback configuration error detected: 
ERROR in ch.qos.logback.core.pattern.parser.Compiler@388ba540 - There is no conversion class registered for composite conversion word [clr]
ERROR in ch.qos.logback.core.pattern.parser.Compiler@388ba540 - Failed to create converter for [%clr] keyword
ERROR in ch.qos.logback.core.pattern.parser.Compiler@388ba540 - There is no conversion class registered for composite conversion word [clr]
ERROR in ch.qos.logback.core.pattern.parser.Compiler@388ba540 - Failed to create converter for [%clr] keyword
ERROR in ch.qos.logback.core.pattern.parser.Compiler@388ba540 - There is no conversion class registered for composite conversion word [clr]
ERROR in ch.qos.logback.core.pattern.parser.Compiler@388ba540 - Failed to create converter for [%clr] keyword
ERROR in ch.qos.logback.core.pattern.parser.Compiler@388ba540 - There is no conversion class registered for composite conversion word [clr]
ERROR in ch.qos.logback.core.pattern.parser.Compiler@388ba540 - Failed to create converter for [%clr] keyword
ERROR in ch.qos.logback.core.pattern.parser.Compiler@388ba540 - There is no conversion class registered for composite conversion word [clr]
ERROR in ch.qos.logback.core.pattern.parser.Compiler@388ba540 - Failed to create converter for [%clr] keyword
ERROR in ch.qos.logback.core.pattern.parser.Compiler@388ba540 - There is no conversion class registered for composite conversion word [clr]
ERROR in ch.qos.logback.core.pattern.parser.Compiler@388ba540 - Failed to create converter for [%clr] keyword
ERROR in ch.qos.logback.core.pattern.parser.Compiler@388ba540 - There is no conversion class registered for composite conversion word [clr]
ERROR in ch.qos.logback.core.pattern.parser.Compiler@388ba540 - Failed to create converter for [%clr] keyword
ERROR in ch.qos.logback.core.pattern.parser.Compiler@388ba540 - There is no conversion class registered for conversion word [wEx]
ERROR in ch.qos.logback.core.pattern.parser.Compiler@388ba540 - [wEx] is not a valid conversion word
ERROR in ch.qos.logback.core.pattern.parser.Compiler@47605f2f - There is no conversion class registered for composite conversion word [clr]
ERROR in ch.qos.logback.core.pattern.parser.Compiler@47605f2f - Failed to create converter for [%clr] keyword
ERROR in ch.qos.logback.core.pattern.parser.Compiler@47605f2f - There is no conversion class registered for composite conversion word [clr]
ERROR in ch.qos.logback.core.pattern.parser.Compiler@47605f2f - Failed to create converter for [%clr] keyword
ERROR in ch.qos.logback.core.pattern.parser.Compiler@47605f2f - There is no conversion class registered for composite conversion word [clr]
ERROR in ch.qos.logback.core.pattern.parser.Compiler@47605f2f - Failed to create converter for [%clr] keyword
ERROR in ch.qos.logback.core.pattern.parser.Compiler@47605f2f - There is no conversion class registered for composite conversion word [clr]
ERROR in ch.qos.logback.core.pattern.parser.Compiler@47605f2f - Failed to create converter for [%clr] keyword
ERROR in ch.qos.logback.core.pattern.parser.Compiler@47605f2f - There is no conversion class registered for composite conversion word [clr]
ERROR in ch.qos.logback.core.pattern.parser.Compiler@47605f2f - Failed to create converter for [%clr] keyword
ERROR in ch.qos.logback.core.pattern.parser.Compiler@47605f2f - There is no conversion class registered for composite conversion word [clr]
ERROR in ch.qos.logback.core.pattern.parser.Compiler@47605f2f - Failed to create converter for [%clr] keyword
ERROR in ch.qos.logback.core.pattern.parser.Compiler@47605f2f - There is no conversion class registered for composite conversion word [clr]
ERROR in ch.qos.logback.core.pattern.parser.Compiler@47605f2f - Failed to create converter for [%clr] keyword
ERROR in ch.qos.logback.core.pattern.parser.Compiler@47605f2f - There is no conversion class registered for conversion word [wEx]
ERROR in ch.qos.logback.core.pattern.parser.Compiler@47605f2f - [wEx] is not a valid conversion word
	at org.springframework.boot.logging.logback.LogbackLoggingSystem.loadConfiguration(LogbackLoggingSystem.java:179)
	at org.springframework.boot.logging.AbstractLoggingSystem.initializeWithConventions(AbstractLoggingSystem.java:80)
	at org.springframework.boot.logging.AbstractLoggingSystem.initialize(AbstractLoggingSystem.java:60)
	at org.springframework.boot.logging.logback.LogbackLoggingSystem.initialize(LogbackLoggingSystem.java:132)
	at org.springframework.boot.context.logging.LoggingApplicationListener.initializeSystem(LoggingApplicationListener.java:312)
	... 18 common frames omitted
INFO  21-01-27 16:40:50[main] [DemoSpringLoggingApplication:55] - Starting DemoSpringLoggingApplication using Java 11.0.9.1 on Alexanders-MacBook-Pro.local with PID 35207 (/Users/alxndr/Documents/Workspace/study/demo-spring-logging/build/classes/java/main started by alxndr in /Users/alxndr/Documents/Workspace/study/demo-spring-logging)
INFO  21-01-27 16:40:50[main] [DemoSpringLoggingApplication:664] - The following profiles are active: local
INFO  21-01-27 16:40:50[main] [TomcatWebServer:108] - Tomcat initialized with port(s): 8080 (http)
INFO  21-01-27 16:40:51[main] [Http11NioProtocol:173] - Initializing ProtocolHandler ["http-nio-8080"]
INFO  21-01-27 16:40:51[main] [StandardService:173] - Starting service [Tomcat]
INFO  21-01-27 16:40:51[main] [StandardEngine:173] - Starting Servlet engine: [Apache Tomcat/9.0.41]
INFO  21-01-27 16:40:51[main] [[/]:173] - Initializing Spring embedded WebApplicationContext
INFO  21-01-27 16:40:51[main] [ServletWebServerApplicationContext:289] - Root WebApplicationContext: initialization completed in 586 ms
INFO  21-01-27 16:40:51[main] [ThreadPoolTaskExecutor:181] - Initializing ExecutorService 'applicationTaskExecutor'
INFO  21-01-27 16:40:51[main] [Http11NioProtocol:173] - Starting ProtocolHandler ["http-nio-8080"]
INFO  21-01-27 16:40:51[main] [TomcatWebServer:220] - Tomcat started on port(s): 8080 (http) with context path ''
INFO  21-01-27 16:40:51[main] [DemoSpringLoggingApplication:61] - Started DemoSpringLoggingApplication in 1.229 seconds (JVM running for 1.74)
INFO  21-01-27 16:41:01[SpringContextShutdownHook] [ThreadPoolTaskExecutor:218] - Shutting down ExecutorService 'applicationTaskExecutor'
[2m2021-01-27 16:41:03.401[0;39m [32m INFO[0;39m [35m35303[0;39m [2m—[0;39m [2m[           main][0;39m [36mi.a.d.DemoSpringLoggingApplication      [0;39m [2m:[0;39m Starting DemoSpringLoggingApplication using Java 11.0.9.1 on Alexanders-MacBook-Pro.local with PID 35303 (/Users/alxndr/Documents/Workspace/study/demo-spring-logging/build/classes/java/main started by alxndr in /Users/alxndr/Documents/Workspace/study/demo-spring-logging)
[2m2021-01-27 16:41:03.403[0;39m [32m INFO[0;39m [35m35303[0;39m [2m—[0;39m [2m[           main][0;39m [36mi.a.d.DemoSpringLoggingApplication      [0;39m [2m:[0;39m The following profiles are active: local
[2m2021-01-27 16:41:03.998[0;39m [32m INFO[0;39m [35m35303[0;39m [2m—[0;39m [2m[           main][0;39m [36mo.s.b.w.embedded.tomcat.TomcatWebServer [0;39m [2m:[0;39m Tomcat initialized with port(s): 8080 (http)
[2m2021-01-27 16:41:04.005[0;39m [32m INFO[0;39m [35m35303[0;39m [2m—[0;39m [2m[           main][0;39m [36mo.a.coyote.http11.Http11NioProtocol     [0;39m [2m:[0;39m Initializing ProtocolHandler ["http-nio-8080"]
[2m2021-01-27 16:41:04.005[0;39m [32m INFO[0;39m [35m35303[0;39m [2m—[0;39m [2m[           main][0;39m [36mo.apache.catalina.core.StandardService  [0;39m [2m:[0;39m Starting service [Tomcat]
[2m2021-01-27 16:41:04.006[0;39m [32m INFO[0;39m [35m35303[0;39m [2m—[0;39m [2m[           main][0;39m [36morg.apache.catalina.core.StandardEngine [0;39m [2m:[0;39m Starting Servlet engine: [Apache Tomcat/9.0.41]
[2m2021-01-27 16:41:04.048[0;39m [32m INFO[0;39m [35m35303[0;39m [2m—[0;39m [2m[           main][0;39m [36mo.a.c.c.C.[Tomcat].[localhost].[/]      [0;39m [2m:[0;39m Initializing Spring embedded WebApplicationContext
[2m2021-01-27 16:41:04.048[0;39m [32m INFO[0;39m [35m35303[0;39m [2m—[0;39m [2m[           main][0;39m [36mw.s.c.ServletWebServerApplicationContext[0;39m [2m:[0;39m Root WebApplicationContext: initialization completed in 611 ms
[2m2021-01-27 16:41:04.170[0;39m [32m INFO[0;39m [35m35303[0;39m [2m—[0;39m [2m[           main][0;39m [36mo.s.s.concurrent.ThreadPoolTaskExecutor [0;39m [2m:[0;39m Initializing ExecutorService 'applicationTaskExecutor'
[2m2021-01-27 16:41:04.321[0;39m [32m INFO[0;39m [35m35303[0;39m [2m—[0;39m [2m[           main][0;39m [36mo.a.coyote.http11.Http11NioProtocol     [0;39m [2m:[0;39m Starting ProtocolHandler ["http-nio-8080"]
[2m2021-01-27 16:41:04.340[0;39m [32m INFO[0;39m [35m35303[0;39m [2m—[0;39m [2m[           main][0;39m [36mo.s.b.w.embedded.tomcat.TomcatWebServer [0;39m [2m:[0;39m Tomcat started on port(s): 8080 (http) with context path ''
[2m2021-01-27 16:41:04.349[0;39m [32m INFO[0;39m [35m35303[0;39m [2m—[0;39m [2m[           main][0;39m [36mi.a.d.DemoSpringLoggingApplication      [0;39m [2m:[0;39m Started DemoSpringLoggingApplication in 1.296 seconds (JVM running for 1.908)
[2m2021-01-27 16:42:44.728[0;39m [32m INFO[0;39m [35m35303[0;39m [2m—[0;39m [2m[nio-8080-exec-1][0;39m [36mo.a.c.c.C.[Tomcat].[localhost].[/]      [0;39m [2m:[0;39m Initializing Spring DispatcherServlet 'dispatcherServlet'
[2m2021-01-27 16:42:44.729[0;39m [32m INFO[0;39m [35m35303[0;39m [2m—[0;39m [2m[nio-8080-exec-1][0;39m [36mo.s.web.servlet.DispatcherServlet       [0;39m [2m:[0;39m Initializing Servlet 'dispatcherServlet'
[2m2021-01-27 16:42:44.730[0;39m [32m INFO[0;39m [35m35303[0;39m [2m—[0;39m [2m[nio-8080-exec-1][0;39m [36mo.s.web.servlet.DispatcherServlet       [0;39m [2m:[0;39m Completed initialization in 1 ms
[2m2021-01-27 16:42:44.745[0;39m [32m INFO[0;39m [35m35303[0;39m [2m—[0;39m [2m[nio-8080-exec-1][0;39m [36mi.a.demospringlogging.IndexController   [0;39m [2m:[0;39m INFO LEVEL TEST
[2m2021-01-27 16:42:44.745[0;39m [33m WARN[0;39m [35m35303[0;39m [2m—[0;39m [2m[nio-8080-exec-1][0;39m [36mi.a.demospringlogging.IndexController   [0;39m [2m:[0;39m WARN LEVEL TEST
[2m2021-01-27 16:42:44.745[0;39m [31mERROR[0;39m [35m35303[0;39m [2m—[0;39m [2m[nio-8080-exec-1][0;39m [36mi.a.demospringlogging.IndexController   [0;39m [2m:[0;39m ERROR LEVEL TEST
[2m2021-01-27 16:44:35.556[0;39m [32m INFO[0;39m [35m35303[0;39m [2m—[0;39m [2m[extShutdownHook][0;39m [36mo.s.s.concurrent.ThreadPoolTaskExecutor [0;39m [2m:[0;39m Shutting down ExecutorService 'applicationTaskExecutor'
CONSOLE_LOG_PATTERN_IS_UNDEFINEDCONSOLE_LOG_PATTERN_IS_UNDEFINEDCONSOLE_LOG_PATTERN_IS_UNDEFINEDCONSOLE_LOG_PATTERN_IS_UNDEFINEDCONSOLE_LOG_PATTERN_IS_UNDEFINEDCONSOLE_LOG_PATTERN_IS_UNDEFINEDCONSOLE_LOG_PATTERN_IS_UNDEFINEDCONSOLE_LOG_PATTERN_IS_UNDEFINEDCONSOLE_LOG_PATTERN_IS_UNDEFINEDCONSOLE_LOG_PATTERN_IS_UNDEFINEDCONSOLE_LOG_PATTERN_IS_UNDEFINEDCONSOLE_LOG_PATTERN_IS_UNDEFINEDCONSOLE_LOG_PATTERN_IS_UNDEFINED%PARSER_ERROR[clr] %PARSER_ERROR[clr] %PARSER_ERROR[clr] %PARSER_ERROR[clr] %PARSER_ERROR[clr] %PARSER_ERROR[clr] %PARSER_ERROR[clr] Application run failed
%PARSER_ERROR[wEx]java.lang.IllegalStateException: java.lang.IllegalStateException: Logback configuration error detected: 
ERROR in ch.qos.logback.core.pattern.parser.Compiler@388ba540 - There is no conversion class registered for composite conversion word [clr]
ERROR in ch.qos.logback.core.pattern.parser.Compiler@388ba540 - Failed to create converter for [%clr] keyword
ERROR in ch.qos.logback.core.pattern.parser.Compiler@388ba540 - There is no conversion class registered for composite conversion word [clr]
ERROR in ch.qos.logback.core.pattern.parser.Compiler@388ba540 - Failed to create converter for [%clr] keyword
ERROR in ch.qos.logback.core.pattern.parser.Compiler@388ba540 - There is no conversion class registered for composite conversion word [clr]
ERROR in ch.qos.logback.core.pattern.parser.Compiler@388ba540 - Failed to create converter for [%clr] keyword
ERROR in ch.qos.logback.core.pattern.parser.Compiler@388ba540 - There is no conversion class registered for composite conversion word [clr]
ERROR in ch.qos.logback.core.pattern.parser.Compiler@388ba540 - Failed to create converter for [%clr] keyword
ERROR in ch.qos.logback.core.pattern.parser.Compiler@388ba540 - There is no conversion class registered for composite conversion word [clr]
ERROR in ch.qos.logback.core.pattern.parser.Compiler@388ba540 - Failed to create converter for [%clr] keyword
ERROR in ch.qos.logback.core.pattern.parser.Compiler@388ba540 - There is no conversion class registered for composite conversion word [clr]
ERROR in ch.qos.logback.core.pattern.parser.Compiler@388ba540 - Failed to create converter for [%clr] keyword
ERROR in ch.qos.logback.core.pattern.parser.Compiler@388ba540 - There is no conversion class registered for composite conversion word [clr]
ERROR in ch.qos.logback.core.pattern.parser.Compiler@388ba540 - Failed to create converter for [%clr] keyword
ERROR in ch.qos.logback.core.pattern.parser.Compiler@388ba540 - There is no conversion class registered for conversion word [wEx]
ERROR in ch.qos.logback.core.pattern.parser.Compiler@388ba540 - [wEx] is not a valid conversion word
ERROR in ch.qos.logback.core.pattern.parser.Compiler@47605f2f - There is no conversion class registered for composite conversion word [clr]
ERROR in ch.qos.logback.core.pattern.parser.Compiler@47605f2f - Failed to create converter for [%clr] keyword
ERROR in ch.qos.logback.core.pattern.parser.Compiler@47605f2f - There is no conversion class registered for composite conversion word [clr]
ERROR in ch.qos.logback.core.pattern.parser.Compiler@47605f2f - Failed to create converter for [%clr] keyword
ERROR in ch.qos.logback.core.pattern.parser.Compiler@47605f2f - There is no conversion class registered for composite conversion word [clr]
ERROR in ch.qos.logback.core.pattern.parser.Compiler@47605f2f - Failed to create converter for [%clr] keyword
ERROR in ch.qos.logback.core.pattern.parser.Compiler@47605f2f - There is no conversion class registered for composite conversion word [clr]
ERROR in ch.qos.logback.core.pattern.parser.Compiler@47605f2f - Failed to create converter for [%clr] keyword
ERROR in ch.qos.logback.core.pattern.parser.Compiler@47605f2f - There is no conversion class registered for composite conversion word [clr]
ERROR in ch.qos.logback.core.pattern.parser.Compiler@47605f2f - Failed to create converter for [%clr] keyword
ERROR in ch.qos.logback.core.pattern.parser.Compiler@47605f2f - There is no conversion class registered for composite conversion word [clr]
ERROR in ch.qos.logback.core.pattern.parser.Compiler@47605f2f - Failed to create converter for [%clr] keyword
ERROR in ch.qos.logback.core.pattern.parser.Compiler@47605f2f - There is no conversion class registered for composite conversion word [clr]
ERROR in ch.qos.logback.core.pattern.parser.Compiler@47605f2f - Failed to create converter for [%clr] keyword
ERROR in ch.qos.logback.core.pattern.parser.Compiler@47605f2f - There is no conversion class registered for conversion word [wEx]
ERROR in ch.qos.logback.core.pattern.parser.Compiler@47605f2f - [wEx] is not a valid conversion word
	at org.springframework.boot.context.logging.LoggingApplicationListener.initializeSystem(LoggingApplicationListener.java:327)
	at org.springframework.boot.context.logging.LoggingApplicationListener.initialize(LoggingApplicationListener.java:281)
	at org.springframework.boot.context.logging.LoggingApplicationListener.onApplicationEnvironmentPreparedEvent(LoggingApplicationListener.java:239)
	at org.springframework.boot.context.logging.LoggingApplicationListener.onApplicationEvent(LoggingApplicationListener.java:216)
	at org.springframework.context.event.SimpleApplicationEventMulticaster.doInvokeListener(SimpleApplicationEventMulticaster.java:176)
	at org.springframework.context.event.SimpleApplicationEventMulticaster.invokeListener(SimpleApplicationEventMulticaster.java:169)
	at org.springframework.context.event.SimpleApplicationEventMulticaster.multicastEvent(SimpleApplicationEventMulticaster.java:143)
	at org.springframework.context.event.SimpleApplicationEventMulticaster.multicastEvent(SimpleApplicationEventMulticaster.java:131)
	at org.springframework.boot.context.event.EventPublishingRunListener.environmentPrepared(EventPublishingRunListener.java:82)
	at org.springframework.boot.SpringApplicationRunListeners.lambda$environmentPrepared$2(SpringApplicationRunListeners.java:63)
	at java.base/java.util.ArrayList.forEach(ArrayList.java:1541)
	at org.springframework.boot.SpringApplicationRunListeners.doWithListeners(SpringApplicationRunListeners.java:117)
	at org.springframework.boot.SpringApplicationRunListeners.doWithListeners(SpringApplicationRunListeners.java:111)
	at org.springframework.boot.SpringApplicationRunListeners.environmentPrepared(SpringApplicationRunListeners.java:62)
	at org.springframework.boot.SpringApplication.prepareEnvironment(SpringApplication.java:362)
	at org.springframework.boot.SpringApplication.run(SpringApplication.java:320)
	at org.springframework.boot.SpringApplication.run(SpringApplication.java:1311)
	at org.springframework.boot.SpringApplication.run(SpringApplication.java:1300)
	at io.alxndr.demospringlogging.DemoSpringLoggingApplication.main(DemoSpringLoggingApplication.java:10)
Caused by: java.lang.IllegalStateException: Logback configuration error detected: 
ERROR in ch.qos.logback.core.pattern.parser.Compiler@388ba540 - There is no conversion class registered for composite conversion word [clr]
ERROR in ch.qos.logback.core.pattern.parser.Compiler@388ba540 - Failed to create converter for [%clr] keyword
ERROR in ch.qos.logback.core.pattern.parser.Compiler@388ba540 - There is no conversion class registered for composite conversion word [clr]
ERROR in ch.qos.logback.core.pattern.parser.Compiler@388ba540 - Failed to create converter for [%clr] keyword
ERROR in ch.qos.logback.core.pattern.parser.Compiler@388ba540 - There is no conversion class registered for composite conversion word [clr]
ERROR in ch.qos.logback.core.pattern.parser.Compiler@388ba540 - Failed to create converter for [%clr] keyword
ERROR in ch.qos.logback.core.pattern.parser.Compiler@388ba540 - There is no conversion class registered for composite conversion word [clr]
ERROR in ch.qos.logback.core.pattern.parser.Compiler@388ba540 - Failed to create converter for [%clr] keyword
ERROR in ch.qos.logback.core.pattern.parser.Compiler@388ba540 - There is no conversion class registered for composite conversion word [clr]
ERROR in ch.qos.logback.core.pattern.parser.Compiler@388ba540 - Failed to create converter for [%clr] keyword
ERROR in ch.qos.logback.core.pattern.parser.Compiler@388ba540 - There is no conversion class registered for composite conversion word [clr]
ERROR in ch.qos.logback.core.pattern.parser.Compiler@388ba540 - Failed to create converter for [%clr] keyword
ERROR in ch.qos.logback.core.pattern.parser.Compiler@388ba540 - There is no conversion class registered for composite conversion word [clr]
ERROR in ch.qos.logback.core.pattern.parser.Compiler@388ba540 - Failed to create converter for [%clr] keyword
ERROR in ch.qos.logback.core.pattern.parser.Compiler@388ba540 - There is no conversion class registered for conversion word [wEx]
ERROR in ch.qos.logback.core.pattern.parser.Compiler@388ba540 - [wEx] is not a valid conversion word
ERROR in ch.qos.logback.core.pattern.parser.Compiler@47605f2f - There is no conversion class registered for composite conversion word [clr]
ERROR in ch.qos.logback.core.pattern.parser.Compiler@47605f2f - Failed to create converter for [%clr] keyword
ERROR in ch.qos.logback.core.pattern.parser.Compiler@47605f2f - There is no conversion class registered for composite conversion word [clr]
ERROR in ch.qos.logback.core.pattern.parser.Compiler@47605f2f - Failed to create converter for [%clr] keyword
ERROR in ch.qos.logback.core.pattern.parser.Compiler@47605f2f - There is no conversion class registered for composite conversion word [clr]
ERROR in ch.qos.logback.core.pattern.parser.Compiler@47605f2f - Failed to create converter for [%clr] keyword
ERROR in ch.qos.logback.core.pattern.parser.Compiler@47605f2f - There is no conversion class registered for composite conversion word [clr]
ERROR in ch.qos.logback.core.pattern.parser.Compiler@47605f2f - Failed to create converter for [%clr] keyword
ERROR in ch.qos.logback.core.pattern.parser.Compiler@47605f2f - There is no conversion class registered for composite conversion word [clr]
ERROR in ch.qos.logback.core.pattern.parser.Compiler@47605f2f - Failed to create converter for [%clr] keyword
ERROR in ch.qos.logback.core.pattern.parser.Compiler@47605f2f - There is no conversion class registered for composite conversion word [clr]
ERROR in ch.qos.logback.core.pattern.parser.Compiler@47605f2f - Failed to create converter for [%clr] keyword
ERROR in ch.qos.logback.core.pattern.parser.Compiler@47605f2f - There is no conversion class registered for composite conversion word [clr]
ERROR in ch.qos.logback.core.pattern.parser.Compiler@47605f2f - Failed to create converter for [%clr] keyword
ERROR in ch.qos.logback.core.pattern.parser.Compiler@47605f2f - There is no conversion class registered for conversion word [wEx]
ERROR in ch.qos.logback.core.pattern.parser.Compiler@47605f2f - [wEx] is not a valid conversion word
	at org.springframework.boot.logging.logback.LogbackLoggingSystem.loadConfiguration(LogbackLoggingSystem.java:179)
	at org.springframework.boot.logging.AbstractLoggingSystem.initializeWithConventions(AbstractLoggingSystem.java:80)
	at org.springframework.boot.logging.AbstractLoggingSystem.initialize(AbstractLoggingSystem.java:60)
	at org.springframework.boot.logging.logback.LogbackLoggingSystem.initialize(LogbackLoggingSystem.java:132)
	at org.springframework.boot.context.logging.LoggingApplicationListener.initializeSystem(LoggingApplicationListener.java:312)
	... 18 common frames omitted
[2m2021-01-27 16:46:03.956[0;39m [32m INFO[0;39m [35m37554[0;39m [2m—[0;39m [2m[           main][0;39m [36mi.a.d.DemoSpringLoggingApplication      [0;39m [2m:[0;39m Starting DemoSpringLoggingApplication using Java 11.0.9.1 on Alexanders-MacBook-Pro.local with PID 37554 (/Users/alxndr/Documents/Workspace/study/demo-spring-logging/build/classes/java/main started by alxndr in /Users/alxndr/Documents/Workspace/study/demo-spring-logging)
[2m2021-01-27 16:46:03.959[0;39m [32m INFO[0;39m [35m37554[0;39m [2m—[0;39m [2m[           main][0;39m [36mi.a.d.DemoSpringLoggingApplication      [0;39m [2m:[0;39m The following profiles are active: local
[2m2021-01-27 16:46:04.614[0;39m [32m INFO[0;39m [35m37554[0;39m [2m—[0;39m [2m[           main][0;39m [36mo.s.b.w.embedded.tomcat.TomcatWebServer [0;39m [2m:[0;39m Tomcat initialized with port(s): 8080 (http)
[2m2021-01-27 16:46:04.621[0;39m [32m INFO[0;39m [35m37554[0;39m [2m—[0;39m [2m[           main][0;39m [36mo.a.coyote.http11.Http11NioProtocol     [0;39m [2m:[0;39m Initializing ProtocolHandler ["http-nio-8080"]
[2m2021-01-27 16:46:04.622[0;39m [32m INFO[0;39m [35m37554[0;39m [2m—[0;39m [2m[           main][0;39m [36mo.apache.catalina.core.StandardService  [0;39m [2m:[0;39m Starting service [Tomcat]
[2m2021-01-27 16:46:04.623[0;39m [32m INFO[0;39m [35m37554[0;39m [2m—[0;39m [2m[           main][0;39m [36morg.apache.catalina.core.StandardEngine [0;39m [2m:[0;39m Starting Servlet engine: [Apache Tomcat/9.0.41]
[2m2021-01-27 16:46:04.668[0;39m [32m INFO[0;39m [35m37554[0;39m [2m—[0;39m [2m[           main][0;39m [36mo.a.c.c.C.[Tomcat].[localhost].[/]      [0;39m [2m:[0;39m Initializing Spring embedded WebApplicationContext
[2m2021-01-27 16:46:04.669[0;39m [32m INFO[0;39m [35m37554[0;39m [2m—[0;39m [2m[           main][0;39m [36mw.s.c.ServletWebServerApplicationContext[0;39m [2m:[0;39m Root WebApplicationContext: initialization completed in 663 ms
[2m2021-01-27 16:46:04.786[0;39m [32m INFO[0;39m [35m37554[0;39m [2m—[0;39m [2m[           main][0;39m [36mo.s.s.concurrent.ThreadPoolTaskExecutor [0;39m [2m:[0;39m Initializing ExecutorService 'applicationTaskExecutor'
[2m2021-01-27 16:46:04.968[0;39m [32m INFO[0;39m [35m37554[0;39m [2m—[0;39m [2m[           main][0;39m [36mo.a.coyote.http11.Http11NioProtocol     [0;39m [2m:[0;39m Starting ProtocolHandler ["http-nio-8080"]
[2m2021-01-27 16:46:04.988[0;39m [32m INFO[0;39m [35m37554[0;39m [2m—[0;39m [2m[           main][0;39m [36mo.s.b.w.embedded.tomcat.TomcatWebServer [0;39m [2m:[0;39m Tomcat started on port(s): 8080 (http) with context path ''
[2m2021-01-27 16:46:04.999[0;39m [32m INFO[0;39m [35m37554[0;39m [2m—[0;39m [2m[           main][0;39m [36mi.a.d.DemoSpringLoggingApplication      [0;39m [2m:[0;39m Started DemoSpringLoggingApplication in 1.412 seconds (JVM running for 2.058)
[2m2021-01-27 16:46:45.320[0;39m [32m INFO[0;39m [35m37554[0;39m [2m—[0;39m [2m[extShutdownHook][0;39m [36mo.s.s.concurrent.ThreadPoolTaskExecutor [0;39m [2m:[0;39m Shutting down ExecutorService 'applicationTaskExecutor'
2021-01-27 16:46:47.062  INFO 38069 --- [main] i.a.d.DemoSpringLoggingApplication       : Starting DemoSpringLoggingApplication using Java 11.0.9.1 on Alexanders-MacBook-Pro.local with PID 38069 (/Users/alxndr/Documents/Workspace/study/demo-spring-logging/build/classes/java/main started by alxndr in /Users/alxndr/Documents/Workspace/study/demo-spring-logging)
2021-01-27 16:46:47.063  INFO 38069 --- [main] i.a.d.DemoSpringLoggingApplication       : The following profiles are active: local
2021-01-27 16:46:47.630  INFO 38069 --- [main] o.s.b.w.embedded.tomcat.TomcatWebServer  : Tomcat initialized with port(s): 8080 (http)
2021-01-27 16:46:47.637  INFO 38069 --- [main] o.a.coyote.http11.Http11NioProtocol      : Initializing ProtocolHandler ["http-nio-8080"]
2021-01-27 16:46:47.638  INFO 38069 --- [main] o.apache.catalina.core.StandardService   : Starting service [Tomcat]
2021-01-27 16:46:47.639  INFO 38069 --- [main] org.apache.catalina.core.StandardEngine  : Starting Servlet engine: [Apache Tomcat/9.0.41]
2021-01-27 16:46:47.681  INFO 38069 --- [main] o.a.c.c.C.[Tomcat].[localhost].[/]       : Initializing Spring embedded WebApplicationContext
2021-01-27 16:46:47.682  INFO 38069 --- [main] w.s.c.ServletWebServerApplicationContext : Root WebApplicationContext: initialization completed in 584 ms
2021-01-27 16:46:47.793  INFO 38069 --- [main] o.s.s.concurrent.ThreadPoolTaskExecutor  : Initializing ExecutorService 'applicationTaskExecutor'
2021-01-27 16:46:47.936  INFO 38069 --- [main] o.a.coyote.http11.Http11NioProtocol      : Starting ProtocolHandler ["http-nio-8080"]
2021-01-27 16:46:47.958  INFO 38069 --- [main] o.s.b.w.embedded.tomcat.TomcatWebServer  : Tomcat started on port(s): 8080 (http) with context path ''
2021-01-27 16:46:47.969  INFO 38069 --- [main] i.a.d.DemoSpringLoggingApplication       : Started DemoSpringLoggingApplication in 1.265 seconds (JVM running for 1.804)
2021-01-27 16:47:01.569  INFO 38069 --- [http-nio-8080-exec-1] o.a.c.c.C.[Tomcat].[localhost].[/]       : Initializing Spring DispatcherServlet 'dispatcherServlet'
2021-01-27 16:47:01.570  INFO 38069 --- [http-nio-8080-exec-1] o.s.web.servlet.DispatcherServlet        : Initializing Servlet 'dispatcherServlet'
2021-01-27 16:47:01.571  INFO 38069 --- [http-nio-8080-exec-1] o.s.web.servlet.DispatcherServlet        : Completed initialization in 1 ms
2021-01-27 16:47:01.584  INFO 38069 --- [http-nio-8080-exec-1] i.a.demospringlogging.IndexController    : INFO LEVEL TEST
2021-01-27 16:47:01.584  WARN 38069 --- [http-nio-8080-exec-1] i.a.demospringlogging.IndexController    : WARN LEVEL TEST
2021-01-27 16:47:01.584 ERROR 38069 --- [http-nio-8080-exec-1] i.a.demospringlogging.IndexController    : ERROR LEVEL TEST
2021-01-27 16:47:10.882  INFO 38069 --- [http-nio-8080-exec-2] i.a.demospringlogging.IndexController    : INFO LEVEL TEST
2021-01-27 16:47:10.883  WARN 38069 --- [http-nio-8080-exec-2] i.a.demospringlogging.IndexController    : WARN LEVEL TEST
2021-01-27 16:47:10.883 ERROR 38069 --- [http-nio-8080-exec-2] i.a.demospringlogging.IndexController    : ERROR LEVEL TEST
